Drill report for scl3300-evb.kicad_pcb
Created on 2025-10-15T18:39:12+0800

Copper Layer Stackup:
    =============================================================
    L1 :  F.Cu                      front
    L2 :  B.Cu                      back


Drill file 'scl3300-evb-PTH.drl' contains
    plated through holes:
    =============================================================
    T1  0.200mm  0.0079"  (126 holes)
    T2  0.300mm  0.0118"  (1 hole)
    T3  0.600mm  0.0236"  (4 holes)  (with 4 slots)
    T4  1.000mm  0.0394"  (13 holes)
    T5  1.100mm  0.0433"  (4 holes)
    T6  1.500mm  0.0591"  (1 hole)
    T7  1.700mm  0.0669"  (4 holes)
    T8  2.200mm  0.0866"  (4 holes)

    Total plated holes count 157


Drill file 'scl3300-evb-NPTH.drl' contains
    unplated through holes:
    =============================================================
    T1  0.650mm  0.0256"  (2 holes)

    Total unplated holes count 2
